<?xml version="1.0" encoding="UTF-8"?>
<robot generator="Robot 3.2.1 (Python 3.8.3 on win32)" generated="20200708 12:21:29.279" rpa="false">
<suite id="s1" name="Uservalidation" source="C:\Users\HOME\PycharmProjects\Training\API_DEMO\Uservalidation.robot">
<kw name="Log" library="BuiltIn" type="setup">
<doc>Logs the given message with the given level.</doc>
<arguments>
<arg>creating the session</arg>
</arguments>
<msg timestamp="20200708 12:21:30.351" level="INFO">creating the session</msg>
<status status="PASS" starttime="20200708 12:21:30.343" endtime="20200708 12:21:30.351"></status>
</kw>
<test id="s1-t1" name="Users Test with users/HariniYadav">
<kw name="Log" library="BuiltIn" type="setup">
<doc>Logs the given message with the given level.</doc>
<arguments>
<arg>Started execution of test case</arg>
</arguments>
<msg timestamp="20200708 12:21:30.351" level="INFO">Started execution of test case</msg>
<status status="PASS" starttime="20200708 12:21:30.351" endtime="20200708 12:21:30.351"></status>
</kw>
<kw name="UserExistenceTest">
<arguments>
<arg>users/HariniYadav</arg>
<arg>200</arg>
</arguments>
<kw name="Log" library="BuiltIn">
<doc>Logs the given message with the given level.</doc>
<arguments>
<arg>&lt;a href="../TestData/API_Users.csv"&gt;Input Data File&lt;a&gt;</arg>
<arg>html=True</arg>
</arguments>
<msg timestamp="20200708 12:21:30.359" level="INFO" html="yes">&lt;a href="../TestData/API_Users.csv"&gt;Input Data File&lt;a&gt;</msg>
<status status="PASS" starttime="20200708 12:21:30.351" endtime="20200708 12:21:30.359"></status>
</kw>
<kw name="Validate User" library="Resources">
<doc>Verifying the existence of user account in GITHUB</doc>
<arguments>
<arg>${user}</arg>
<arg>${expected_code}</arg>
</arguments>
<kw name="Create Session" library="RequestsLibrary">
<doc>Create Session: create a HTTP session to a server</doc>
<arguments>
<arg>mysession</arg>
<arg>${base_url}</arg>
</arguments>
<msg timestamp="20200708 12:21:30.359" level="INFO">Creating Session using : alias=mysession, url=https://api.github.com, headers={},                     cookies={}, auth=None, timeout=None, proxies=None, verify=False,                     debug=0 </msg>
<status status="PASS" starttime="20200708 12:21:30.359" endtime="20200708 12:21:30.359"></status>
</kw>
<kw name="Get Request" library="RequestsLibrary">
<doc>Send a GET request on the session object found using the
given `alias`</doc>
<arguments>
<arg>mysession</arg>
<arg>${user}</arg>
</arguments>
<assign>
<var>${response}</var>
</assign>
<msg timestamp="20200708 12:21:31.183" level="INFO">GET Request : url=https://api.github.com/users/HariniYadav 
 path_url=/users/HariniYadav 
 headers={'User-Agent': 'python-requests/2.24.0', 'Accept-Encoding': 'gzip, deflate', 'Accept': '*/*', 'Connection': 'keep-alive'} 
 body=None 
 </msg>
<msg timestamp="20200708 12:21:31.183" level="INFO">GET Response : url=https://api.github.com/users/HariniYadav 
 status=200, reason=OK 
 body={"login":"HariniYadav","id":67147998,"node_id":"MDQ6VXNlcjY3MTQ3OTk4","avatar_url":"https://avatars2.githubusercontent.com/u/67147998?v=4","gravatar_id":"","url":"https://api.github.com/users/HariniYadav","html_url":"https://github.com/HariniYadav","followers_url":"https://api.github.com/users/HariniYadav/followers","following_url":"https://api.github.com/users/HariniYadav/following{/other_user}","gists_url":"https://api.github.com/users/HariniYadav/gists{/gist_id}","starred_url":"https://api.github.com/users/HariniYadav/starred{/owner}{/repo}","subscriptions_url":"https://api.github.com/users/HariniYadav/subscriptions","organizations_url":"https://api.github.com/users/HariniYadav/orgs","repos_url":"https://api.github.com/users/HariniYadav/repos","events_url":"https://api.github.com/users/HariniYadav/events{/privacy}","received_events_url":"https://api.github.com/users/HariniYadav/received_events","type":"User","site_admin":false,"name":null,"company":null,"blog":"","location":"Bangalore","email":null,"hireable":null,"bio":null,"twitter_username":null,"public_repos":2,"public_gists":0,"followers":0,"following":0,"created_at":"2020-06-19T10:20:16Z","updated_at":"2020-07-06T17:40:44Z"} 
 </msg>
<msg timestamp="20200708 12:21:31.183" level="INFO">c:\users\home\pycharmprojects\training\venv\lib\site-packages\urllib3\connectionpool.py:979: InsecureRequestWarning: Unverified HTTPS request is being made to host 'api.github.com'. Adding certificate verification is strongly advised. See: https://urllib3.readthedocs.io/en/latest/advanced-usage.html#ssl-warnings
  warnings.warn(</msg>
<msg timestamp="20200708 12:21:31.183" level="INFO">${response} = &lt;Response [200]&gt;</msg>
<status status="PASS" starttime="20200708 12:21:30.359" endtime="20200708 12:21:31.183"></status>
</kw>
<kw name="Convert To String" library="BuiltIn">
<doc>Converts the given item to a Unicode string.</doc>
<arguments>
<arg>${response.status_code}</arg>
</arguments>
<assign>
<var>${actual_code}</var>
</assign>
<msg timestamp="20200708 12:21:31.191" level="INFO">${actual_code} = 200</msg>
<status status="PASS" starttime="20200708 12:21:31.183" endtime="20200708 12:21:31.191"></status>
</kw>
<kw name="Should Be Equal" library="BuiltIn">
<doc>Fails if the given objects are unequal.</doc>
<arguments>
<arg>${actual_code}</arg>
<arg>${expected_code}</arg>
</arguments>
<status status="PASS" starttime="20200708 12:21:31.191" endtime="20200708 12:21:31.191"></status>
</kw>
<kw name="Convert To String" library="BuiltIn">
<doc>Converts the given item to a Unicode string.</doc>
<arguments>
<arg>${response.content}</arg>
</arguments>
<assign>
<var>${body}</var>
</assign>
<msg timestamp="20200708 12:21:31.191" level="INFO">${body} = {"login":"HariniYadav","id":67147998,"node_id":"MDQ6VXNlcjY3MTQ3OTk4","avatar_url":"https://avatars2.githubusercontent.com/u/67147998?v=4","gravatar_id":"","url":"https://api.github.com/users/HariniYa...</msg>
<status status="PASS" starttime="20200708 12:21:31.191" endtime="20200708 12:21:31.191"></status>
</kw>
<kw name="Should Not Contain" library="BuiltIn">
<doc>Fails if ``container`` contains ``item`` one or more times.</doc>
<arguments>
<arg>${body}</arg>
<arg>Not</arg>
</arguments>
<status status="PASS" starttime="20200708 12:21:31.191" endtime="20200708 12:21:31.191"></status>
</kw>
<status status="PASS" starttime="20200708 12:21:30.359" endtime="20200708 12:21:31.199"></status>
</kw>
<status status="PASS" starttime="20200708 12:21:30.351" endtime="20200708 12:21:31.199"></status>
</kw>
<kw name="Log" library="BuiltIn" type="teardown">
<doc>Logs the given message with the given level.</doc>
<arguments>
<arg>Completion of executing the test case</arg>
</arguments>
<msg timestamp="20200708 12:21:31.199" level="INFO">Completion of executing the test case</msg>
<status status="PASS" starttime="20200708 12:21:31.199" endtime="20200708 12:21:31.199"></status>
</kw>
<status status="PASS" starttime="20200708 12:21:30.351" endtime="20200708 12:21:31.199" critical="yes"></status>
</test>
<test id="s1-t2" name="Users Test with users/Apurva8">
<kw name="Log" library="BuiltIn" type="setup">
<doc>Logs the given message with the given level.</doc>
<arguments>
<arg>Started execution of test case</arg>
</arguments>
<msg timestamp="20200708 12:21:31.207" level="INFO">Started execution of test case</msg>
<status status="PASS" starttime="20200708 12:21:31.207" endtime="20200708 12:21:31.207"></status>
</kw>
<kw name="UserExistenceTest">
<arguments>
<arg>users/Apurva8</arg>
<arg>200</arg>
</arguments>
<kw name="Log" library="BuiltIn">
<doc>Logs the given message with the given level.</doc>
<arguments>
<arg>&lt;a href="../TestData/API_Users.csv"&gt;Input Data File&lt;a&gt;</arg>
<arg>html=True</arg>
</arguments>
<msg timestamp="20200708 12:21:31.207" level="INFO" html="yes">&lt;a href="../TestData/API_Users.csv"&gt;Input Data File&lt;a&gt;</msg>
<status status="PASS" starttime="20200708 12:21:31.207" endtime="20200708 12:21:31.207"></status>
</kw>
<kw name="Validate User" library="Resources">
<doc>Verifying the existence of user account in GITHUB</doc>
<arguments>
<arg>${user}</arg>
<arg>${expected_code}</arg>
</arguments>
<kw name="Create Session" library="RequestsLibrary">
<doc>Create Session: create a HTTP session to a server</doc>
<arguments>
<arg>mysession</arg>
<arg>${base_url}</arg>
</arguments>
<msg timestamp="20200708 12:21:31.215" level="INFO">Creating Session using : alias=mysession, url=https://api.github.com, headers={},                     cookies={}, auth=None, timeout=None, proxies=None, verify=False,                     debug=0 </msg>
<status status="PASS" starttime="20200708 12:21:31.215" endtime="20200708 12:21:31.215"></status>
</kw>
<kw name="Get Request" library="RequestsLibrary">
<doc>Send a GET request on the session object found using the
given `alias`</doc>
<arguments>
<arg>mysession</arg>
<arg>${user}</arg>
</arguments>
<assign>
<var>${response}</var>
</assign>
<msg timestamp="20200708 12:21:32.191" level="INFO">GET Request : url=https://api.github.com/users/Apurva8 
 path_url=/users/Apurva8 
 headers={'User-Agent': 'python-requests/2.24.0', 'Accept-Encoding': 'gzip, deflate', 'Accept': '*/*', 'Connection': 'keep-alive'} 
 body=None 
 </msg>
<msg timestamp="20200708 12:21:32.191" level="INFO">GET Response : url=https://api.github.com/users/Apurva8 
 status=200, reason=OK 
 body={"login":"Apurva8","id":30017467,"node_id":"MDQ6VXNlcjMwMDE3NDY3","avatar_url":"https://avatars0.githubusercontent.com/u/30017467?v=4","gravatar_id":"","url":"https://api.github.com/users/Apurva8","html_url":"https://github.com/Apurva8","followers_url":"https://api.github.com/users/Apurva8/followers","following_url":"https://api.github.com/users/Apurva8/following{/other_user}","gists_url":"https://api.github.com/users/Apurva8/gists{/gist_id}","starred_url":"https://api.github.com/users/Apurva8/starred{/owner}{/repo}","subscriptions_url":"https://api.github.com/users/Apurva8/subscriptions","organizations_url":"https://api.github.com/users/Apurva8/orgs","repos_url":"https://api.github.com/users/Apurva8/repos","events_url":"https://api.github.com/users/Apurva8/events{/privacy}","received_events_url":"https://api.github.com/users/Apurva8/received_events","type":"User","site_admin":false,"name":null,"company":null,"blog":"","location":null,"email":null,"hireable":null,"bio":null,"twitter_username":null,"public_repos":1,"public_gists":0,"followers":0,"following":0,"created_at":"2017-07-09T08:17:20Z","updated_at":"2020-06-25T08:37:08Z"} 
 </msg>
<msg timestamp="20200708 12:21:32.191" level="INFO">c:\users\home\pycharmprojects\training\venv\lib\site-packages\urllib3\connectionpool.py:979: InsecureRequestWarning: Unverified HTTPS request is being made to host 'api.github.com'. Adding certificate verification is strongly advised. See: https://urllib3.readthedocs.io/en/latest/advanced-usage.html#ssl-warnings
  warnings.warn(</msg>
<msg timestamp="20200708 12:21:32.191" level="INFO">${response} = &lt;Response [200]&gt;</msg>
<status status="PASS" starttime="20200708 12:21:31.215" endtime="20200708 12:21:32.191"></status>
</kw>
<kw name="Convert To String" library="BuiltIn">
<doc>Converts the given item to a Unicode string.</doc>
<arguments>
<arg>${response.status_code}</arg>
</arguments>
<assign>
<var>${actual_code}</var>
</assign>
<msg timestamp="20200708 12:21:32.199" level="INFO">${actual_code} = 200</msg>
<status status="PASS" starttime="20200708 12:21:32.191" endtime="20200708 12:21:32.199"></status>
</kw>
<kw name="Should Be Equal" library="BuiltIn">
<doc>Fails if the given objects are unequal.</doc>
<arguments>
<arg>${actual_code}</arg>
<arg>${expected_code}</arg>
</arguments>
<status status="PASS" starttime="20200708 12:21:32.199" endtime="20200708 12:21:32.199"></status>
</kw>
<kw name="Convert To String" library="BuiltIn">
<doc>Converts the given item to a Unicode string.</doc>
<arguments>
<arg>${response.content}</arg>
</arguments>
<assign>
<var>${body}</var>
</assign>
<msg timestamp="20200708 12:21:32.199" level="INFO">${body} = {"login":"Apurva8","id":30017467,"node_id":"MDQ6VXNlcjMwMDE3NDY3","avatar_url":"https://avatars0.githubusercontent.com/u/30017467?v=4","gravatar_id":"","url":"https://api.github.com/users/Apurva8","ht...</msg>
<status status="PASS" starttime="20200708 12:21:32.199" endtime="20200708 12:21:32.199"></status>
</kw>
<kw name="Should Not Contain" library="BuiltIn">
<doc>Fails if ``container`` contains ``item`` one or more times.</doc>
<arguments>
<arg>${body}</arg>
<arg>Not</arg>
</arguments>
<status status="PASS" starttime="20200708 12:21:32.199" endtime="20200708 12:21:32.199"></status>
</kw>
<status status="PASS" starttime="20200708 12:21:31.207" endtime="20200708 12:21:32.199"></status>
</kw>
<status status="PASS" starttime="20200708 12:21:31.207" endtime="20200708 12:21:32.199"></status>
</kw>
<kw name="Log" library="BuiltIn" type="teardown">
<doc>Logs the given message with the given level.</doc>
<arguments>
<arg>Completion of executing the test case</arg>
</arguments>
<msg timestamp="20200708 12:21:32.207" level="INFO">Completion of executing the test case</msg>
<status status="PASS" starttime="20200708 12:21:32.207" endtime="20200708 12:21:32.207"></status>
</kw>
<status status="PASS" starttime="20200708 12:21:31.199" endtime="20200708 12:21:32.207" critical="yes"></status>
</test>
<test id="s1-t3" name="Users Test with users/Robin">
<kw name="Log" library="BuiltIn" type="setup">
<doc>Logs the given message with the given level.</doc>
<arguments>
<arg>Started execution of test case</arg>
</arguments>
<msg timestamp="20200708 12:21:32.215" level="INFO">Started execution of test case</msg>
<status status="PASS" starttime="20200708 12:21:32.207" endtime="20200708 12:21:32.215"></status>
</kw>
<kw name="UserExistenceTest">
<arguments>
<arg>users/Robin</arg>
<arg>200</arg>
</arguments>
<kw name="Log" library="BuiltIn">
<doc>Logs the given message with the given level.</doc>
<arguments>
<arg>&lt;a href="../TestData/API_Users.csv"&gt;Input Data File&lt;a&gt;</arg>
<arg>html=True</arg>
</arguments>
<msg timestamp="20200708 12:21:32.231" level="INFO" html="yes">&lt;a href="../TestData/API_Users.csv"&gt;Input Data File&lt;a&gt;</msg>
<status status="PASS" starttime="20200708 12:21:32.231" endtime="20200708 12:21:32.231"></status>
</kw>
<kw name="Validate User" library="Resources">
<doc>Verifying the existence of user account in GITHUB</doc>
<arguments>
<arg>${user}</arg>
<arg>${expected_code}</arg>
</arguments>
<kw name="Create Session" library="RequestsLibrary">
<doc>Create Session: create a HTTP session to a server</doc>
<arguments>
<arg>mysession</arg>
<arg>${base_url}</arg>
</arguments>
<msg timestamp="20200708 12:21:32.239" level="INFO">Creating Session using : alias=mysession, url=https://api.github.com, headers={},                     cookies={}, auth=None, timeout=None, proxies=None, verify=False,                     debug=0 </msg>
<status status="PASS" starttime="20200708 12:21:32.239" endtime="20200708 12:21:32.239"></status>
</kw>
<kw name="Get Request" library="RequestsLibrary">
<doc>Send a GET request on the session object found using the
given `alias`</doc>
<arguments>
<arg>mysession</arg>
<arg>${user}</arg>
</arguments>
<assign>
<var>${response}</var>
</assign>
<msg timestamp="20200708 12:21:33.007" level="INFO">GET Request : url=https://api.github.com/users/Robin 
 path_url=/users/Robin 
 headers={'User-Agent': 'python-requests/2.24.0', 'Accept-Encoding': 'gzip, deflate', 'Accept': '*/*', 'Connection': 'keep-alive'} 
 body=None 
 </msg>
<msg timestamp="20200708 12:21:33.007" level="INFO">GET Response : url=https://api.github.com/users/Robin 
 status=200, reason=OK 
 body={"login":"robin","id":6545,"node_id":"MDQ6VXNlcjY1NDU=","avatar_url":"https://avatars3.githubusercontent.com/u/6545?v=4","gravatar_id":"","url":"https://api.github.com/users/robin","html_url":"https://github.com/robin","followers_url":"https://api.github.com/users/robin/followers","following_url":"https://api.github.com/users/robin/following{/other_user}","gists_url":"https://api.github.com/users/robin/gists{/gist_id}","starred_url":"https://api.github.com/users/robin/starred{/owner}{/repo}","subscriptions_url":"https://api.github.com/users/robin/subscriptions","organizations_url":"https://api.github.com/users/robin/orgs","repos_url":"https://api.github.com/users/robin/repos","events_url":"https://api.github.com/users/robin/events{/privacy}","received_events_url":"https://api.github.com/users/robin/received_events","type":"User","site_admin":false,"name":"Lu Yibin","company":"Freelance","blog":"http://robin.github.io","location":"Beijing, China","email":null,"hireable":true,"bio":"Aged Software Engineer\r\nOn\r\nmacOS/iOS/ruby/ruby on rails","twitter_username":null,"public_repos":28,"public_gists":24,"followers":559,"following":16,"created_at":"2008-04-11T08:52:39Z","updated_at":"2020-05-13T07:46:03Z"} 
 </msg>
<msg timestamp="20200708 12:21:33.015" level="INFO">c:\users\home\pycharmprojects\training\venv\lib\site-packages\urllib3\connectionpool.py:979: InsecureRequestWarning: Unverified HTTPS request is being made to host 'api.github.com'. Adding certificate verification is strongly advised. See: https://urllib3.readthedocs.io/en/latest/advanced-usage.html#ssl-warnings
  warnings.warn(</msg>
<msg timestamp="20200708 12:21:33.015" level="INFO">${response} = &lt;Response [200]&gt;</msg>
<status status="PASS" starttime="20200708 12:21:32.239" endtime="20200708 12:21:33.015"></status>
</kw>
<kw name="Convert To String" library="BuiltIn">
<doc>Converts the given item to a Unicode string.</doc>
<arguments>
<arg>${response.status_code}</arg>
</arguments>
<assign>
<var>${actual_code}</var>
</assign>
<msg timestamp="20200708 12:21:33.015" level="INFO">${actual_code} = 200</msg>
<status status="PASS" starttime="20200708 12:21:33.015" endtime="20200708 12:21:33.015"></status>
</kw>
<kw name="Should Be Equal" library="BuiltIn">
<doc>Fails if the given objects are unequal.</doc>
<arguments>
<arg>${actual_code}</arg>
<arg>${expected_code}</arg>
</arguments>
<status status="PASS" starttime="20200708 12:21:33.015" endtime="20200708 12:21:33.015"></status>
</kw>
<kw name="Convert To String" library="BuiltIn">
<doc>Converts the given item to a Unicode string.</doc>
<arguments>
<arg>${response.content}</arg>
</arguments>
<assign>
<var>${body}</var>
</assign>
<msg timestamp="20200708 12:21:33.015" level="INFO">${body} = {"login":"robin","id":6545,"node_id":"MDQ6VXNlcjY1NDU=","avatar_url":"https://avatars3.githubusercontent.com/u/6545?v=4","gravatar_id":"","url":"https://api.github.com/users/robin","html_url":"https:/...</msg>
<status status="PASS" starttime="20200708 12:21:33.015" endtime="20200708 12:21:33.023"></status>
</kw>
<kw name="Should Not Contain" library="BuiltIn">
<doc>Fails if ``container`` contains ``item`` one or more times.</doc>
<arguments>
<arg>${body}</arg>
<arg>Not</arg>
</arguments>
<status status="PASS" starttime="20200708 12:21:33.023" endtime="20200708 12:21:33.023"></status>
</kw>
<status status="PASS" starttime="20200708 12:21:32.231" endtime="20200708 12:21:33.023"></status>
</kw>
<status status="PASS" starttime="20200708 12:21:32.231" endtime="20200708 12:21:33.023"></status>
</kw>
<kw name="Log" library="BuiltIn" type="teardown">
<doc>Logs the given message with the given level.</doc>
<arguments>
<arg>Completion of executing the test case</arg>
</arguments>
<msg timestamp="20200708 12:21:33.023" level="INFO">Completion of executing the test case</msg>
<status status="PASS" starttime="20200708 12:21:33.023" endtime="20200708 12:21:33.023"></status>
</kw>
<status status="PASS" starttime="20200708 12:21:32.207" endtime="20200708 12:21:33.023" critical="yes"></status>
</test>
<kw name="Log" library="BuiltIn" type="teardown">
<doc>Logs the given message with the given level.</doc>
<arguments>
<arg>closing the session</arg>
</arguments>
<msg timestamp="20200708 12:21:33.031" level="INFO">closing the session</msg>
<status status="PASS" starttime="20200708 12:21:33.031" endtime="20200708 12:21:33.031"></status>
</kw>
<status status="PASS" starttime="20200708 12:21:29.287" endtime="20200708 12:21:33.031"></status>
</suite>
<statistics>
<total>
<stat pass="3" fail="0">Critical Tests</stat>
<stat pass="3" fail="0">All Tests</stat>
</total>
<tag>
</tag>
<suite>
<stat pass="3" fail="0" id="s1" name="Uservalidation">Uservalidation</stat>
</suite>
</statistics>
<errors>
</errors>
</robot>
