<?xml version="1.0" encoding="UTF-8"?>
<robot generator="Robot 3.2.1 (Python 3.8.3 on win32)" generated="20200707 11:10:50.265" rpa="false">
<suite id="s1" name="Registration" source="C:\Users\HOME\PycharmProjects\Training\UI_DEMO\Registration.robot">
<kw name="Open my Browser" library="Resources" type="setup">
<kw name="Open Browser" library="SeleniumLibrary">
<doc>Opens a new browser instance to the optional ``url``.</doc>
<arguments>
<arg>${LOGIN URL}</arg>
<arg>${BROWSER}</arg>
</arguments>
<msg timestamp="20200707 11:10:51.046" level="INFO">Opening browser 'chrome' to base url 'https://demo.nopcommerce.com/'.</msg>
<status status="PASS" starttime="20200707 11:10:51.046" endtime="20200707 11:10:57.775"></status>
</kw>
<status status="PASS" starttime="20200707 11:10:51.046" endtime="20200707 11:10:57.775"></status>
</kw>
<test id="s1-t1" name="Register with user Harini">
<kw name="Log" library="BuiltIn" type="setup">
<doc>Logs the given message with the given level.</doc>
<arguments>
<arg>Started execution of test case</arg>
</arguments>
<msg timestamp="20200707 11:10:57.779" level="INFO">Started execution of test case</msg>
<status status="PASS" starttime="20200707 11:10:57.779" endtime="20200707 11:10:57.779"></status>
</kw>
<kw name="Registration Test">
<arguments>
<arg>admin1@gmail.com</arg>
<arg>Admin123</arg>
<arg>Harini</arg>
<arg>Yadav</arg>
<arg>23</arg>
<arg>August</arg>
<arg>1995</arg>
<arg>Computers</arg>
<arg>Desktops</arg>
</arguments>
<kw name="Log" library="BuiltIn">
<doc>Logs the given message with the given level.</doc>
<arguments>
<arg>&lt;a href="../TestData/UI_UserDetails.csv"&gt;Input Data File&lt;a&gt;</arg>
<arg>html=True</arg>
</arguments>
<msg timestamp="20200707 11:10:57.787" level="INFO" html="yes">&lt;a href="../TestData/UI_UserDetails.csv"&gt;Input Data File&lt;a&gt;</msg>
<status status="PASS" starttime="20200707 11:10:57.779" endtime="20200707 11:10:57.787"></status>
</kw>
<kw name="Set Implicit Time" library="Resources">
<kw name="Set Selenium Implicit Wait" library="SeleniumLibrary">
<doc>Sets the implicit wait value used by Selenium.</doc>
<arguments>
<arg>15 seconds</arg>
</arguments>
<status status="PASS" starttime="20200707 11:10:57.791" endtime="20200707 11:10:57.803"></status>
</kw>
<status status="PASS" starttime="20200707 11:10:57.787" endtime="20200707 11:10:57.803"></status>
</kw>
<kw name="Go to Loginpage" library="Resources">
<kw name="Click Link" library="SeleniumLibrary">
<doc>Clicks a link identified by ``locator``.</doc>
<arguments>
<arg>class:ico-login</arg>
</arguments>
<msg timestamp="20200707 11:10:57.807" level="INFO">Clicking link 'class:ico-login'.</msg>
<status status="PASS" starttime="20200707 11:10:57.803" endtime="20200707 11:11:00.216"></status>
</kw>
<kw name="Sleep" library="BuiltIn">
<doc>Pauses the test executed for the given time.</doc>
<arguments>
<arg>2</arg>
</arguments>
<msg timestamp="20200707 11:11:02.224" level="INFO">Slept 2 seconds</msg>
<status status="PASS" starttime="20200707 11:11:00.220" endtime="20200707 11:11:02.224"></status>
</kw>
<status status="PASS" starttime="20200707 11:10:57.803" endtime="20200707 11:11:02.224"></status>
</kw>
<kw name="Register" library="Resources">
<arguments>
<arg>${email}</arg>
<arg>${password}</arg>
<arg>${first}</arg>
<arg>${last}</arg>
<arg>${day}</arg>
<arg>${month}</arg>
<arg>${year}</arg>
</arguments>
<kw name="Click Element" library="SeleniumLibrary">
<doc>Click the element identified by ``locator``.</doc>
<arguments>
<arg>xpath://input[@class="button-1 register-button"]</arg>
</arguments>
<msg timestamp="20200707 11:11:02.224" level="INFO">Clicking element 'xpath://input[@class="button-1 register-button"]'.</msg>
<status status="PASS" starttime="20200707 11:11:02.224" endtime="20200707 11:11:04.263"></status>
</kw>
<kw name="Click Element" library="SeleniumLibrary">
<doc>Click the element identified by ``locator``.</doc>
<arguments>
<arg>id:gender-female</arg>
</arguments>
<msg timestamp="20200707 11:11:04.263" level="INFO">Clicking element 'id:gender-female'.</msg>
<status status="PASS" starttime="20200707 11:11:04.263" endtime="20200707 11:11:04.467"></status>
</kw>
<kw name="Input Text" library="SeleniumLibrary">
<doc>Types the given ``text`` into the text field identified by ``locator``.</doc>
<arguments>
<arg>id:FirstName</arg>
<arg>${first}</arg>
</arguments>
<msg timestamp="20200707 11:11:04.471" level="INFO">Typing text 'Harini' into text field 'id:FirstName'.</msg>
<status status="PASS" starttime="20200707 11:11:04.471" endtime="20200707 11:11:04.863"></status>
</kw>
<kw name="Input Text" library="SeleniumLibrary">
<doc>Types the given ``text`` into the text field identified by ``locator``.</doc>
<arguments>
<arg>id:LastName</arg>
<arg>${last}</arg>
</arguments>
<msg timestamp="20200707 11:11:04.863" level="INFO">Typing text 'Yadav' into text field 'id:LastName'.</msg>
<status status="PASS" starttime="20200707 11:11:04.863" endtime="20200707 11:11:05.217"></status>
</kw>
<kw name="Select From List By Label" library="SeleniumLibrary">
<doc>Selects options from selection list ``locator`` by ``labels``.</doc>
<arguments>
<arg>DateOfBirthDay</arg>
<arg>${day}</arg>
</arguments>
<msg timestamp="20200707 11:11:05.221" level="INFO">Selecting options from selection list 'DateOfBirthDay' by label 23.</msg>
<status status="PASS" starttime="20200707 11:11:05.221" endtime="20200707 11:11:05.468"></status>
</kw>
<kw name="Select From List By Label" library="SeleniumLibrary">
<doc>Selects options from selection list ``locator`` by ``labels``.</doc>
<arguments>
<arg>DateOfBirthMonth</arg>
<arg>${month}</arg>
</arguments>
<msg timestamp="20200707 11:11:05.468" level="INFO">Selecting options from selection list 'DateOfBirthMonth' by label August.</msg>
<status status="PASS" starttime="20200707 11:11:05.468" endtime="20200707 11:11:05.749"></status>
</kw>
<kw name="Select From List By Label" library="SeleniumLibrary">
<doc>Selects options from selection list ``locator`` by ``labels``.</doc>
<arguments>
<arg>DateOfBirthYear</arg>
<arg>${year}</arg>
</arguments>
<msg timestamp="20200707 11:11:05.753" level="INFO">Selecting options from selection list 'DateOfBirthYear' by label 1995.</msg>
<status status="PASS" starttime="20200707 11:11:05.753" endtime="20200707 11:11:05.999"></status>
</kw>
<kw name="Input Text" library="SeleniumLibrary">
<doc>Types the given ``text`` into the text field identified by ``locator``.</doc>
<arguments>
<arg>id:Email</arg>
<arg>${email}</arg>
</arguments>
<msg timestamp="20200707 11:11:05.999" level="INFO">Typing text 'admin1@gmail.com' into text field 'id:Email'.</msg>
<status status="PASS" starttime="20200707 11:11:05.999" endtime="20200707 11:11:06.516"></status>
</kw>
<kw name="Click Element" library="SeleniumLibrary">
<doc>Click the element identified by ``locator``.</doc>
<arguments>
<arg>id:Newsletter</arg>
</arguments>
<msg timestamp="20200707 11:11:06.516" level="INFO">Clicking element 'id:Newsletter'.</msg>
<status status="PASS" starttime="20200707 11:11:06.516" endtime="20200707 11:11:06.712"></status>
</kw>
<kw name="Input Text" library="SeleniumLibrary">
<doc>Types the given ``text`` into the text field identified by ``locator``.</doc>
<arguments>
<arg>id:Password</arg>
<arg>${password}</arg>
</arguments>
<msg timestamp="20200707 11:11:06.716" level="INFO">Typing text 'Admin123' into text field 'id:Password'.</msg>
<status status="PASS" starttime="20200707 11:11:06.716" endtime="20200707 11:11:07.117"></status>
</kw>
<kw name="Input Text" library="SeleniumLibrary">
<doc>Types the given ``text`` into the text field identified by ``locator``.</doc>
<arguments>
<arg>id:ConfirmPassword</arg>
<arg>${password}</arg>
</arguments>
<msg timestamp="20200707 11:11:07.121" level="INFO">Typing text 'Admin123' into text field 'id:ConfirmPassword'.</msg>
<status status="PASS" starttime="20200707 11:11:07.117" endtime="20200707 11:11:07.505"></status>
</kw>
<kw name="Click Element" library="SeleniumLibrary">
<doc>Click the element identified by ``locator``.</doc>
<arguments>
<arg>id:register-button</arg>
</arguments>
<msg timestamp="20200707 11:11:07.509" level="INFO">Clicking element 'id:register-button'.</msg>
<status status="PASS" starttime="20200707 11:11:07.509" endtime="20200707 11:11:09.860"></status>
</kw>
<kw name="Page Should Contain" library="SeleniumLibrary">
<doc>Verifies that current page contains ``text``.</doc>
<arguments>
<arg>Your registration completed</arg>
</arguments>
<msg timestamp="20200707 11:11:09.932" level="INFO">Current page contains text 'Your registration completed'.</msg>
<status status="PASS" starttime="20200707 11:11:09.864" endtime="20200707 11:11:09.932"></status>
</kw>
<kw name="Click Element" library="SeleniumLibrary">
<doc>Click the element identified by ``locator``.</doc>
<arguments>
<arg>name:register-continue</arg>
</arguments>
<msg timestamp="20200707 11:11:09.932" level="INFO">Clicking element 'name:register-continue'.</msg>
<status status="PASS" starttime="20200707 11:11:09.932" endtime="20200707 11:11:12.656"></status>
</kw>
<status status="PASS" starttime="20200707 11:11:02.224" endtime="20200707 11:11:12.656"></status>
</kw>
<kw name="Search Item" library="Resources">
<arguments>
<arg>${category}</arg>
<arg>${item}</arg>
</arguments>
<kw name="Mouse Over" library="SeleniumLibrary">
<doc>Simulates hovering the mouse over the element ``locator``.</doc>
<arguments>
<arg>link:${category}</arg>
</arguments>
<msg timestamp="20200707 11:11:12.660" level="INFO">Simulating Mouse Over on element 'link:Computers'.</msg>
<status status="PASS" starttime="20200707 11:11:12.660" endtime="20200707 11:11:13.328"></status>
</kw>
<kw name="Mouse Over" library="SeleniumLibrary">
<doc>Simulates hovering the mouse over the element ``locator``.</doc>
<arguments>
<arg>link:${item}</arg>
</arguments>
<msg timestamp="20200707 11:11:13.328" level="INFO">Simulating Mouse Over on element 'link:Desktops'.</msg>
<status status="PASS" starttime="20200707 11:11:13.328" endtime="20200707 11:11:13.787"></status>
</kw>
<kw name="Click Link" library="SeleniumLibrary">
<doc>Clicks a link identified by ``locator``.</doc>
<arguments>
<arg>link:${item}</arg>
</arguments>
<msg timestamp="20200707 11:11:13.787" level="INFO">Clicking link 'link:Desktops'.</msg>
<status status="PASS" starttime="20200707 11:11:13.787" endtime="20200707 11:11:15.622"></status>
</kw>
<kw name="Title Should Be" library="SeleniumLibrary">
<doc>Verifies that the current page title equals ``title``.</doc>
<arguments>
<arg>nopCommerce demo store. ${item}</arg>
</arguments>
<msg timestamp="20200707 11:11:15.646" level="INFO">Page title is 'nopCommerce demo store. Desktops'.</msg>
<status status="PASS" starttime="20200707 11:11:15.622" endtime="20200707 11:11:15.646"></status>
</kw>
<status status="PASS" starttime="20200707 11:11:12.656" endtime="20200707 11:11:15.646"></status>
</kw>
<kw name="Place Filters" library="Resources">
<kw name="Select From List By Index" library="SeleniumLibrary">
<doc>Selects options from selection list ``locator`` by ``indexes``.</doc>
<arguments>
<arg>products-orderby</arg>
<arg>4</arg>
</arguments>
<msg timestamp="20200707 11:11:15.650" level="INFO">Selecting options from selection list 'products-orderby' by index 4.</msg>
<status status="PASS" starttime="20200707 11:11:15.650" endtime="20200707 11:11:17.331"></status>
</kw>
<kw name="Sleep" library="BuiltIn">
<doc>Pauses the test executed for the given time.</doc>
<arguments>
<arg>2</arg>
</arguments>
<msg timestamp="20200707 11:11:19.333" level="INFO">Slept 2 seconds</msg>
<status status="PASS" starttime="20200707 11:11:17.331" endtime="20200707 11:11:19.333"></status>
</kw>
<kw name="Select From List By Label" library="SeleniumLibrary">
<doc>Selects options from selection list ``locator`` by ``labels``.</doc>
<arguments>
<arg>products-orderby</arg>
<arg>Name: A to Z</arg>
</arguments>
<msg timestamp="20200707 11:11:19.333" level="INFO">Selecting options from selection list 'products-orderby' by label Name: A to Z.</msg>
<status status="PASS" starttime="20200707 11:11:19.333" endtime="20200707 11:11:21.025"></status>
</kw>
<kw name="Sleep" library="BuiltIn">
<doc>Pauses the test executed for the given time.</doc>
<arguments>
<arg>2</arg>
</arguments>
<msg timestamp="20200707 11:11:23.032" level="INFO">Slept 2 seconds</msg>
<status status="PASS" starttime="20200707 11:11:21.025" endtime="20200707 11:11:23.032"></status>
</kw>
<kw name="Select From List By Index" library="SeleniumLibrary">
<doc>Selects options from selection list ``locator`` by ``indexes``.</doc>
<arguments>
<arg>products-pagesize</arg>
<arg>0</arg>
</arguments>
<msg timestamp="20200707 11:11:23.032" level="INFO">Selecting options from selection list 'products-pagesize' by index 0.</msg>
<status status="PASS" starttime="20200707 11:11:23.032" endtime="20200707 11:11:25.296"></status>
</kw>
<status status="PASS" starttime="20200707 11:11:15.646" endtime="20200707 11:11:25.300"></status>
</kw>
<kw name="Going to cart" library="Resources">
<kw name="Click Link" library="SeleniumLibrary">
<doc>Clicks a link identified by ``locator``.</doc>
<arguments>
<arg>xpath://*[@id="topcartlink"]/a</arg>
</arguments>
<msg timestamp="20200707 11:11:25.300" level="INFO">Clicking link 'xpath://*[@id="topcartlink"]/a'.</msg>
<status status="PASS" starttime="20200707 11:11:25.300" endtime="20200707 11:11:26.396"></status>
</kw>
<kw name="Title Should Be" library="SeleniumLibrary">
<doc>Verifies that the current page title equals ``title``.</doc>
<arguments>
<arg>nopCommerce demo store. Shopping Cart</arg>
</arguments>
<msg timestamp="20200707 11:11:26.412" level="INFO">Page title is 'nopCommerce demo store. Shopping Cart'.</msg>
<status status="PASS" starttime="20200707 11:11:26.396" endtime="20200707 11:11:26.412"></status>
</kw>
<kw name="Sleep" library="BuiltIn">
<doc>Pauses the test executed for the given time.</doc>
<arguments>
<arg>2</arg>
</arguments>
<msg timestamp="20200707 11:11:28.420" level="INFO">Slept 2 seconds</msg>
<status status="PASS" starttime="20200707 11:11:26.412" endtime="20200707 11:11:28.420"></status>
</kw>
<status status="PASS" starttime="20200707 11:11:25.300" endtime="20200707 11:11:28.420"></status>
</kw>
<status status="PASS" starttime="20200707 11:10:57.779" endtime="20200707 11:11:28.420"></status>
</kw>
<kw name="Log out" library="Resources" type="teardown">
<kw name="Click Link" library="SeleniumLibrary">
<doc>Clicks a link identified by ``locator``.</doc>
<arguments>
<arg>class:ico-logout</arg>
</arguments>
<msg timestamp="20200707 11:11:28.420" level="INFO">Clicking link 'class:ico-logout'.</msg>
<status status="PASS" starttime="20200707 11:11:28.420" endtime="20200707 11:11:30.888"></status>
</kw>
<kw name="Sleep" library="BuiltIn">
<doc>Pauses the test executed for the given time.</doc>
<arguments>
<arg>2</arg>
</arguments>
<msg timestamp="20200707 11:11:32.903" level="INFO">Slept 2 seconds</msg>
<status status="PASS" starttime="20200707 11:11:30.888" endtime="20200707 11:11:32.903"></status>
</kw>
<kw name="Title Should Be" library="SeleniumLibrary">
<doc>Verifies that the current page title equals ``title``.</doc>
<arguments>
<arg>nopCommerce demo store</arg>
</arguments>
<msg timestamp="20200707 11:11:32.903" level="INFO">Page title is 'nopCommerce demo store'.</msg>
<status status="PASS" starttime="20200707 11:11:32.903" endtime="20200707 11:11:32.903"></status>
</kw>
<status status="PASS" starttime="20200707 11:11:28.420" endtime="20200707 11:11:32.919"></status>
</kw>
<status status="PASS" starttime="20200707 11:10:57.775" endtime="20200707 11:11:32.919" critical="yes"></status>
</test>
<kw name="Close browsers" library="Resources" type="teardown">
<kw name="Close All Browsers" library="SeleniumLibrary">
<doc>Closes all open browsers and resets the browser cache.</doc>
<status status="PASS" starttime="20200707 11:11:32.919" endtime="20200707 11:11:35.278"></status>
</kw>
<status status="PASS" starttime="20200707 11:11:32.919" endtime="20200707 11:11:35.278"></status>
</kw>
<doc>This test will register the new user with the given details</doc>
<status status="PASS" starttime="20200707 11:10:50.265" endtime="20200707 11:11:35.278"></status>
</suite>
<statistics>
<total>
<stat pass="1" fail="0">Critical Tests</stat>
<stat pass="1" fail="0">All Tests</stat>
</total>
<tag>
</tag>
<suite>
<stat pass="1" fail="0" id="s1" name="Registration">Registration</stat>
</suite>
</statistics>
<errors>
</errors>
</robot>
